This file contains any messages produced by compilers while
running configure, to aid debugging if configure makes a mistake.

It was created by libdisasm configure 0.23, which was
generated by GNU Autoconf 2.69.  Invocation command line was

  $ ./configure 

## --------- ##
## Platform. ##
## --------- ##

hostname = charlies
uname -m = x86_64
uname -r = 4.13.0
uname -s = Linux
uname -v = #1 SMP Sun May 6 15:06:04 HKT 2018

/usr/bin/uname -p = unknown
/bin/uname -X     = unknown

/bin/arch              = unknown
/usr/bin/arch -k       = unknown
/usr/convex/getsysinfo = unknown
/usr/bin/hostinfo      = unknown
/bin/machine           = unknown
/usr/bin/oslevel       = unknown
/bin/universe          = unknown

PATH: /home/charlies/.autojump/bin
PATH: /usr/local/bin
PATH: /usr/bin
PATH: /bin
PATH: /usr/games
PATH: /usr/local/go/bin
PATH: /home/charlies/source/go-work/bin


## ----------- ##
## Core tests. ##
## ----------- ##

configure:2187: checking for a BSD-compatible install
configure:2255: result: /usr/bin/install -c
configure:2266: checking whether build environment is sane
configure:2321: result: yes
configure:2472: checking for a thread-safe mkdir -p
configure:2511: result: /bin/mkdir -p
configure:2518: checking for gawk
configure:2534: found /usr/bin/gawk
configure:2545: result: gawk
configure:2556: checking whether make sets $(MAKE)
configure:2578: result: yes
configure:2607: checking whether make supports nested variables
configure:2624: result: yes
configure:2754: checking whether to enable maintainer-specific portions of Makefiles
configure:2763: result: no
configure:2781: checking build system type
configure:2795: result: x86_64-pc-linux-gnu
configure:2815: checking host system type
configure:2828: result: x86_64-pc-linux-gnu
configure:2860: checking for style of include used by make
configure:2888: result: GNU
configure:2959: checking for gcc
configure:2975: found /usr/bin/gcc
configure:2986: result: gcc
configure:3215: checking for C compiler version
configure:3224: gcc --version >&5
gcc (Debian 6.3.0-18+deb9u1) 6.3.0 20170516
Copyright (C) 2016 Free Software Foundation, Inc.
This is free software; see the source for copying conditions.  There is NO
warranty; not even for MERCHANTABILITY or FITNESS FOR A PARTICULAR PURPOSE.

configure:3235: $? = 0
configure:3224: gcc -v >&5
Using built-in specs.
COLLECT_GCC=gcc
COLLECT_LTO_WRAPPER=/usr/lib/gcc/x86_64-linux-gnu/6/lto-wrapper
Target: x86_64-linux-gnu
Configured with: ../src/configure -v --with-pkgversion='Debian 6.3.0-18+deb9u1' --with-bugurl=file:///usr/share/doc/gcc-6/README.Bugs --enable-languages=c,ada,c++,java,go,d,fortran,objc,obj-c++ --prefix=/usr --program-suffix=-6 --program-prefix=x86_64-linux-gnu- --enable-shared --enable-linker-build-id --libexecdir=/usr/lib --without-included-gettext --enable-threads=posix --libdir=/usr/lib --enable-nls --with-sysroot=/ --enable-clocale=gnu --enable-libstdcxx-debug --enable-libstdcxx-time=yes --with-default-libstdcxx-abi=new --enable-gnu-unique-object --disable-vtable-verify --enable-libmpx --enable-plugin --enable-default-pie --with-system-zlib --disable-browser-plugin --enable-java-awt=gtk --enable-gtk-cairo --with-java-home=/usr/lib/jvm/java-1.5.0-gcj-6-amd64/jre --enable-java-home --with-jvm-root-dir=/usr/lib/jvm/java-1.5.0-gcj-6-amd64 --with-jvm-jar-dir=/usr/lib/jvm-exports/java-1.5.0-gcj-6-amd64 --with-arch-directory=amd64 --with-ecj-jar=/usr/share/java/eclipse-ecj.jar --with-target-system-zlib --enable-objc-gc=auto --enable-multiarch --with-arch-32=i686 --with-abi=m64 --with-multilib-list=m32,m64,mx32 --enable-multilib --with-tune=generic --enable-checking=release --build=x86_64-linux-gnu --host=x86_64-linux-gnu --target=x86_64-linux-gnu
Thread model: posix
gcc version 6.3.0 20170516 (Debian 6.3.0-18+deb9u1) 
configure:3235: $? = 0
configure:3224: gcc -V >&5
gcc: error: unrecognized command line option '-V'
gcc: fatal error: no input files
compilation terminated.
configure:3235: $? = 1
configure:3224: gcc -qversion >&5
gcc: error: unrecognized command line option '-qversion'; did you mean '--version'?
gcc: fatal error: no input files
compilation terminated.
configure:3235: $? = 1
configure:3255: checking whether the C compiler works
configure:3277: gcc    conftest.c  >&5
configure:3281: $? = 0
configure:3329: result: yes
configure:3332: checking for C compiler default output file name
configure:3334: result: a.out
configure:3340: checking for suffix of executables
configure:3347: gcc -o conftest    conftest.c  >&5
configure:3351: $? = 0
configure:3373: result: 
configure:3395: checking whether we are cross compiling
configure:3403: gcc -o conftest    conftest.c  >&5
configure:3407: $? = 0
configure:3414: ./conftest
configure:3418: $? = 0
configure:3433: result: no
configure:3438: checking for suffix of object files
configure:3460: gcc -c   conftest.c >&5
configure:3464: $? = 0
configure:3485: result: o
configure:3489: checking whether we are using the GNU C compiler
configure:3508: gcc -c   conftest.c >&5
configure:3508: $? = 0
configure:3517: result: yes
configure:3526: checking whether gcc accepts -g
configure:3546: gcc -c -g  conftest.c >&5
configure:3546: $? = 0
configure:3587: result: yes
configure:3604: checking for gcc option to accept ISO C89
configure:3667: gcc  -c -g -O2  conftest.c >&5
configure:3667: $? = 0
configure:3680: result: none needed
configure:3705: checking whether gcc understands -c and -o together
configure:3727: gcc -c conftest.c -o conftest2.o
configure:3730: $? = 0
configure:3727: gcc -c conftest.c -o conftest2.o
configure:3730: $? = 0
configure:3742: result: yes
configure:3761: checking dependency style of gcc
configure:3872: result: gcc3
configure:3888: checking for library containing strerror
configure:3919: gcc -o conftest -g -O2   conftest.c  >&5
configure:3919: $? = 0
configure:3936: result: none required
configure:3992: checking for gcc
configure:4019: result: gcc
configure:4248: checking for C compiler version
configure:4257: gcc --version >&5
gcc (Debian 6.3.0-18+deb9u1) 6.3.0 20170516
Copyright (C) 2016 Free Software Foundation, Inc.
This is free software; see the source for copying conditions.  There is NO
warranty; not even for MERCHANTABILITY or FITNESS FOR A PARTICULAR PURPOSE.

configure:4268: $? = 0
configure:4257: gcc -v >&5
Using built-in specs.
COLLECT_GCC=gcc
COLLECT_LTO_WRAPPER=/usr/lib/gcc/x86_64-linux-gnu/6/lto-wrapper
Target: x86_64-linux-gnu
Configured with: ../src/configure -v --with-pkgversion='Debian 6.3.0-18+deb9u1' --with-bugurl=file:///usr/share/doc/gcc-6/README.Bugs --enable-languages=c,ada,c++,java,go,d,fortran,objc,obj-c++ --prefix=/usr --program-suffix=-6 --program-prefix=x86_64-linux-gnu- --enable-shared --enable-linker-build-id --libexecdir=/usr/lib --without-included-gettext --enable-threads=posix --libdir=/usr/lib --enable-nls --with-sysroot=/ --enable-clocale=gnu --enable-libstdcxx-debug --enable-libstdcxx-time=yes --with-default-libstdcxx-abi=new --enable-gnu-unique-object --disable-vtable-verify --enable-libmpx --enable-plugin --enable-default-pie --with-system-zlib --disable-browser-plugin --enable-java-awt=gtk --enable-gtk-cairo --with-java-home=/usr/lib/jvm/java-1.5.0-gcj-6-amd64/jre --enable-java-home --with-jvm-root-dir=/usr/lib/jvm/java-1.5.0-gcj-6-amd64 --with-jvm-jar-dir=/usr/lib/jvm-exports/java-1.5.0-gcj-6-amd64 --with-arch-directory=amd64 --with-ecj-jar=/usr/share/java/eclipse-ecj.jar --with-target-system-zlib --enable-objc-gc=auto --enable-multiarch --with-arch-32=i686 --with-abi=m64 --with-multilib-list=m32,m64,mx32 --enable-multilib --with-tune=generic --enable-checking=release --build=x86_64-linux-gnu --host=x86_64-linux-gnu --target=x86_64-linux-gnu
Thread model: posix
gcc version 6.3.0 20170516 (Debian 6.3.0-18+deb9u1) 
configure:4268: $? = 0
configure:4257: gcc -V >&5
gcc: error: unrecognized command line option '-V'
gcc: fatal error: no input files
compilation terminated.
configure:4268: $? = 1
configure:4257: gcc -qversion >&5
gcc: error: unrecognized command line option '-qversion'; did you mean '--version'?
gcc: fatal error: no input files
compilation terminated.
configure:4268: $? = 1
configure:4272: checking whether we are using the GNU C compiler
configure:4300: result: yes
configure:4309: checking whether gcc accepts -g
configure:4370: result: yes
configure:4387: checking for gcc option to accept ISO C89
configure:4463: result: none needed
configure:4488: checking whether gcc understands -c and -o together
configure:4525: result: yes
configure:4544: checking dependency style of gcc
configure:4655: result: gcc3
configure:4718: checking for gcc
configure:4745: result: gcc
configure:4974: checking for C compiler version
configure:4983: gcc --version >&5
gcc (Debian 6.3.0-18+deb9u1) 6.3.0 20170516
Copyright (C) 2016 Free Software Foundation, Inc.
This is free software; see the source for copying conditions.  There is NO
warranty; not even for MERCHANTABILITY or FITNESS FOR A PARTICULAR PURPOSE.

configure:4994: $? = 0
configure:4983: gcc -v >&5
Using built-in specs.
COLLECT_GCC=gcc
COLLECT_LTO_WRAPPER=/usr/lib/gcc/x86_64-linux-gnu/6/lto-wrapper
Target: x86_64-linux-gnu
Configured with: ../src/configure -v --with-pkgversion='Debian 6.3.0-18+deb9u1' --with-bugurl=file:///usr/share/doc/gcc-6/README.Bugs --enable-languages=c,ada,c++,java,go,d,fortran,objc,obj-c++ --prefix=/usr --program-suffix=-6 --program-prefix=x86_64-linux-gnu- --enable-shared --enable-linker-build-id --libexecdir=/usr/lib --without-included-gettext --enable-threads=posix --libdir=/usr/lib --enable-nls --with-sysroot=/ --enable-clocale=gnu --enable-libstdcxx-debug --enable-libstdcxx-time=yes --with-default-libstdcxx-abi=new --enable-gnu-unique-object --disable-vtable-verify --enable-libmpx --enable-plugin --enable-default-pie --with-system-zlib --disable-browser-plugin --enable-java-awt=gtk --enable-gtk-cairo --with-java-home=/usr/lib/jvm/java-1.5.0-gcj-6-amd64/jre --enable-java-home --with-jvm-root-dir=/usr/lib/jvm/java-1.5.0-gcj-6-amd64 --with-jvm-jar-dir=/usr/lib/jvm-exports/java-1.5.0-gcj-6-amd64 --with-arch-directory=amd64 --with-ecj-jar=/usr/share/java/eclipse-ecj.jar --with-target-system-zlib --enable-objc-gc=auto --enable-multiarch --with-arch-32=i686 --with-abi=m64 --with-multilib-list=m32,m64,mx32 --enable-multilib --with-tune=generic --enable-checking=release --build=x86_64-linux-gnu --host=x86_64-linux-gnu --target=x86_64-linux-gnu
Thread model: posix
gcc version 6.3.0 20170516 (Debian 6.3.0-18+deb9u1) 
configure:4994: $? = 0
configure:4983: gcc -V >&5
gcc: error: unrecognized command line option '-V'
gcc: fatal error: no input files
compilation terminated.
configure:4994: $? = 1
configure:4983: gcc -qversion >&5
gcc: error: unrecognized command line option '-qversion'; did you mean '--version'?
gcc: fatal error: no input files
compilation terminated.
configure:4994: $? = 1
configure:4998: checking whether we are using the GNU C compiler
configure:5026: result: yes
configure:5035: checking whether gcc accepts -g
configure:5096: result: yes
configure:5113: checking for gcc option to accept ISO C89
configure:5189: result: none needed
configure:5214: checking whether gcc understands -c and -o together
configure:5251: result: yes
configure:5270: checking dependency style of gcc
configure:5381: result: gcc3
configure:5490: checking how to run the C preprocessor
configure:5521: gcc -E  conftest.c
configure:5521: $? = 0
configure:5535: gcc -E  conftest.c
conftest.c:11:28: fatal error: ac_nonexistent.h: No such file or directory
 #include <ac_nonexistent.h>
                            ^
compilation terminated.
configure:5535: $? = 1
configure: failed program was:
| /* confdefs.h */
| #define PACKAGE_NAME "libdisasm"
| #define PACKAGE_TARNAME "libdisasm"
| #define PACKAGE_VERSION "0.23"
| #define PACKAGE_STRING "libdisasm 0.23"
| #define PACKAGE_BUGREPORT "bastard-libdisasm@lists.sourceforge.net"
| #define PACKAGE_URL ""
| #define PACKAGE "libdisasm"
| #define VERSION "0.23"
| /* end confdefs.h.  */
| #include <ac_nonexistent.h>
configure:5560: result: gcc -E
configure:5580: gcc -E  conftest.c
configure:5580: $? = 0
configure:5594: gcc -E  conftest.c
conftest.c:11:28: fatal error: ac_nonexistent.h: No such file or directory
 #include <ac_nonexistent.h>
                            ^
compilation terminated.
configure:5594: $? = 1
configure: failed program was:
| /* confdefs.h */
| #define PACKAGE_NAME "libdisasm"
| #define PACKAGE_TARNAME "libdisasm"
| #define PACKAGE_VERSION "0.23"
| #define PACKAGE_STRING "libdisasm 0.23"
| #define PACKAGE_BUGREPORT "bastard-libdisasm@lists.sourceforge.net"
| #define PACKAGE_URL ""
| #define PACKAGE "libdisasm"
| #define VERSION "0.23"
| /* end confdefs.h.  */
| #include <ac_nonexistent.h>
configure:5623: checking for grep that handles long lines and -e
configure:5681: result: /bin/grep
configure:5686: checking for egrep
configure:5748: result: /bin/grep -E
configure:5753: checking for ANSI C header files
configure:5773: gcc -c -g -O2  conftest.c >&5
configure:5773: $? = 0
configure:5846: gcc -o conftest -g -O2   conftest.c  >&5
configure:5846: $? = 0
configure:5846: ./conftest
configure:5846: $? = 0
configure:5857: result: yes
configure:5912: checking how to print strings
configure:5939: result: printf
configure:5960: checking for a sed that does not truncate output
configure:6024: result: /bin/sed
configure:6042: checking for fgrep
configure:6104: result: /bin/grep -F
configure:6139: checking for ld used by gcc
configure:6206: result: /usr/bin/ld
configure:6213: checking if the linker (/usr/bin/ld) is GNU ld
configure:6228: result: yes
configure:6240: checking for BSD- or MS-compatible name lister (nm)
configure:6294: result: /usr/bin/nm -B
configure:6424: checking the name lister (/usr/bin/nm -B) interface
configure:6431: gcc -c -g -O2  conftest.c >&5
configure:6434: /usr/bin/nm -B "conftest.o"
configure:6437: output
0000000000000000 B some_variable
configure:6444: result: BSD nm
configure:6447: checking whether ln -s works
configure:6451: result: yes
configure:6459: checking the maximum length of command line arguments
configure:6590: result: 1572864
configure:6638: checking how to convert x86_64-pc-linux-gnu file names to x86_64-pc-linux-gnu format
configure:6678: result: func_convert_file_noop
configure:6685: checking how to convert x86_64-pc-linux-gnu file names to toolchain format
configure:6705: result: func_convert_file_noop
configure:6712: checking for /usr/bin/ld option to reload object files
configure:6719: result: -r
configure:6793: checking for objdump
configure:6809: found /usr/bin/objdump
configure:6820: result: objdump
configure:6852: checking how to recognize dependent libraries
configure:7052: result: pass_all
configure:7137: checking for dlltool
configure:7167: result: no
configure:7197: checking how to associate runtime and link libraries
configure:7224: result: printf %s\n
configure:7284: checking for ar
configure:7300: found /usr/bin/ar
configure:7311: result: ar
configure:7348: checking for archiver @FILE support
configure:7365: gcc -c -g -O2  conftest.c >&5
configure:7365: $? = 0
configure:7368: ar cru libconftest.a @conftest.lst >&5
ar: `u' modifier ignored since `D' is the default (see `U')
configure:7371: $? = 0
configure:7376: ar cru libconftest.a @conftest.lst >&5
ar: `u' modifier ignored since `D' is the default (see `U')
ar: conftest.o: No such file or directory
configure:7379: $? = 1
configure:7391: result: @
configure:7449: checking for strip
configure:7465: found /usr/bin/strip
configure:7476: result: strip
configure:7548: checking for ranlib
configure:7564: found /usr/bin/ranlib
configure:7575: result: ranlib
configure:7677: checking command to parse /usr/bin/nm -B output from gcc object
configure:7830: gcc -c -g -O2  conftest.c >&5
configure:7833: $? = 0
configure:7837: /usr/bin/nm -B conftest.o \| sed -n -e 's/^.*[ ]\([ABCDGIRSTW][ABCDGIRSTW]*\)[ ][ ]*\([_A-Za-z][_A-Za-z0-9]*\)$/\1 \2 \2/p' | sed '/ __gnu_lto/d' \> conftest.nm
configure:7840: $? = 0
configure:7906: gcc -o conftest -g -O2   conftest.c conftstm.o >&5
configure:7909: $? = 0
configure:7947: result: ok
configure:7994: checking for sysroot
configure:8024: result: no
configure:8031: checking for a working dd
configure:8069: result: /bin/dd
configure:8073: checking how to truncate binary pipes
configure:8088: result: /bin/dd bs=4096 count=1
configure:8224: gcc -c -g -O2  conftest.c >&5
configure:8227: $? = 0
configure:8417: checking for mt
configure:8433: found /bin/mt
configure:8444: result: mt
configure:8467: checking if mt is a manifest tool
configure:8473: mt '-?'
configure:8481: result: no
configure:9158: checking for sys/types.h
configure:9158: gcc -c -g -O2  conftest.c >&5
configure:9158: $? = 0
configure:9158: result: yes
configure:9158: checking for sys/stat.h
configure:9158: gcc -c -g -O2  conftest.c >&5
configure:9158: $? = 0
configure:9158: result: yes
configure:9158: checking for stdlib.h
configure:9158: gcc -c -g -O2  conftest.c >&5
configure:9158: $? = 0
configure:9158: result: yes
configure:9158: checking for string.h
configure:9158: gcc -c -g -O2  conftest.c >&5
configure:9158: $? = 0
configure:9158: result: yes
configure:9158: checking for memory.h
configure:9158: gcc -c -g -O2  conftest.c >&5
configure:9158: $? = 0
configure:9158: result: yes
configure:9158: checking for strings.h
configure:9158: gcc -c -g -O2  conftest.c >&5
configure:9158: $? = 0
configure:9158: result: yes
configure:9158: checking for inttypes.h
configure:9158: gcc -c -g -O2  conftest.c >&5
configure:9158: $? = 0
configure:9158: result: yes
configure:9158: checking for stdint.h
configure:9158: gcc -c -g -O2  conftest.c >&5
configure:9158: $? = 0
configure:9158: result: yes
configure:9158: checking for unistd.h
configure:9158: gcc -c -g -O2  conftest.c >&5
configure:9158: $? = 0
configure:9158: result: yes
configure:9172: checking for dlfcn.h
configure:9172: gcc -c -g -O2  conftest.c >&5
configure:9172: $? = 0
configure:9172: result: yes
configure:9428: checking for objdir
configure:9443: result: .libs
configure:9703: checking if gcc supports -fno-rtti -fno-exceptions
configure:9721: gcc -c -g -O2  -fno-rtti -fno-exceptions conftest.c >&5
cc1: warning: command line option '-fno-rtti' is valid for C++/ObjC++ but not for C
configure:9725: $? = 0
configure:9738: result: no
configure:10096: checking for gcc option to produce PIC
configure:10103: result: -fPIC -DPIC
configure:10111: checking if gcc PIC flag -fPIC -DPIC works
configure:10129: gcc -c -g -O2  -fPIC -DPIC -DPIC conftest.c >&5
configure:10133: $? = 0
configure:10146: result: yes
configure:10175: checking if gcc static flag -static works
configure:10203: result: yes
configure:10218: checking if gcc supports -c -o file.o
configure:10239: gcc -c -g -O2  -o out/conftest2.o conftest.c >&5
configure:10243: $? = 0
configure:10265: result: yes
configure:10273: checking if gcc supports -c -o file.o
configure:10320: result: yes
configure:10353: checking whether the gcc linker (/usr/bin/ld -m elf_x86_64) supports shared libraries
configure:11616: result: yes
configure:11653: checking whether -lc should be explicitly linked in
configure:11661: gcc -c -g -O2  conftest.c >&5
configure:11664: $? = 0
configure:11679: gcc -shared  -fPIC -DPIC conftest.o  -v -Wl,-soname -Wl,conftest -o conftest 2\>\&1 \| /bin/grep  -lc  \>/dev/null 2\>\&1
configure:11682: $? = 0
configure:11696: result: no
configure:11856: checking dynamic linker characteristics
configure:12437: gcc -o conftest -g -O2   -Wl,-rpath -Wl,/foo conftest.c  >&5
configure:12437: $? = 0
configure:12686: result: GNU/Linux ld.so
configure:12808: checking how to hardcode library paths into programs
configure:12833: result: immediate
configure:13381: checking whether stripping libraries is possible
configure:13386: result: yes
configure:13421: checking if libtool supports shared libraries
configure:13423: result: yes
configure:13426: checking whether to build shared libraries
configure:13451: result: yes
configure:13454: checking whether to build static libraries
configure:13458: result: yes
configure:13700: checking that generated files are newer than configure
configure:13706: result: done
configure:13741: creating ./config.status

## ---------------------- ##
## Running config.status. ##
## ---------------------- ##

This file was extended by libdisasm config.status 0.23, which was
generated by GNU Autoconf 2.69.  Invocation command line was

  CONFIG_FILES    = 
  CONFIG_HEADERS  = 
  CONFIG_LINKS    = 
  CONFIG_COMMANDS = 
  $ ./config.status 

on charlies

config.status:1093: creating Makefile
config.status:1093: creating libdisasm/Makefile
config.status:1093: creating x86dis/Makefile
config.status:1093: creating test/Makefile
config.status:1093: creating doc/Makefile
config.status:1093: creating man/Makefile
config.status:1093: creating perl/Makefile
config.status:1093: creating config.h
config.status:1274: config.h is unchanged
config.status:1322: executing depfiles commands
config.status:1322: executing libtool commands

## ---------------- ##
## Cache variables. ##
## ---------------- ##

ac_cv_build=x86_64-pc-linux-gnu
ac_cv_c_compiler_gnu=yes
ac_cv_env_CC_set=
ac_cv_env_CC_value=
ac_cv_env_CFLAGS_set=
ac_cv_env_CFLAGS_value=
ac_cv_env_CPPFLAGS_set=
ac_cv_env_CPPFLAGS_value=
ac_cv_env_CPP_set=
ac_cv_env_CPP_value=
ac_cv_env_LDFLAGS_set=
ac_cv_env_LDFLAGS_value=
ac_cv_env_LIBS_set=
ac_cv_env_LIBS_value=
ac_cv_env_LT_SYS_LIBRARY_PATH_set=
ac_cv_env_LT_SYS_LIBRARY_PATH_value=
ac_cv_env_build_alias_set=
ac_cv_env_build_alias_value=
ac_cv_env_host_alias_set=
ac_cv_env_host_alias_value=
ac_cv_env_target_alias_set=
ac_cv_env_target_alias_value=
ac_cv_header_dlfcn_h=yes
ac_cv_header_inttypes_h=yes
ac_cv_header_memory_h=yes
ac_cv_header_stdc=yes
ac_cv_header_stdint_h=yes
ac_cv_header_stdlib_h=yes
ac_cv_header_string_h=yes
ac_cv_header_strings_h=yes
ac_cv_header_sys_stat_h=yes
ac_cv_header_sys_types_h=yes
ac_cv_header_unistd_h=yes
ac_cv_host=x86_64-pc-linux-gnu
ac_cv_objext=o
ac_cv_path_EGREP='/bin/grep -E'
ac_cv_path_FGREP='/bin/grep -F'
ac_cv_path_GREP=/bin/grep
ac_cv_path_SED=/bin/sed
ac_cv_path_install='/usr/bin/install -c'
ac_cv_path_lt_DD=/bin/dd
ac_cv_path_mkdir=/bin/mkdir
ac_cv_prog_AWK=gawk
ac_cv_prog_CPP='gcc -E'
ac_cv_prog_ac_ct_AR=ar
ac_cv_prog_ac_ct_CC=gcc
ac_cv_prog_ac_ct_MANIFEST_TOOL=mt
ac_cv_prog_ac_ct_OBJDUMP=objdump
ac_cv_prog_ac_ct_RANLIB=ranlib
ac_cv_prog_ac_ct_STRIP=strip
ac_cv_prog_cc_c89=
ac_cv_prog_cc_g=yes
ac_cv_prog_make_make_set=yes
ac_cv_search_strerror='none required'
am_cv_CC_dependencies_compiler_type=gcc3
am_cv_make_support_nested_variables=yes
am_cv_prog_cc_c_o=yes
am_cv_prog_cc_stdc=
lt_cv_ar_at_file=@
lt_cv_archive_cmds_need_lc=no
lt_cv_deplibs_check_method=pass_all
lt_cv_file_magic_cmd='$MAGIC_CMD'
lt_cv_file_magic_test_file=
lt_cv_ld_reload_flag=-r
lt_cv_nm_interface='BSD nm'
lt_cv_objdir=.libs
lt_cv_path_LD=/usr/bin/ld
lt_cv_path_NM='/usr/bin/nm -B'
lt_cv_path_mainfest_tool=no
lt_cv_prog_compiler_c_o=yes
lt_cv_prog_compiler_pic='-fPIC -DPIC'
lt_cv_prog_compiler_pic_works=yes
lt_cv_prog_compiler_rtti_exceptions=no
lt_cv_prog_compiler_static_works=yes
lt_cv_prog_gnu_ld=yes
lt_cv_sharedlib_from_linklib_cmd='printf %s\n'
lt_cv_shlibpath_overrides_runpath=yes
lt_cv_sys_global_symbol_pipe='sed -n -e '\''s/^.*[	 ]\([ABCDGIRSTW][ABCDGIRSTW]*\)[	 ][	 ]*\([_A-Za-z][_A-Za-z0-9]*\)$/\1 \2 \2/p'\'' | sed '\''/ __gnu_lto/d'\'''
lt_cv_sys_global_symbol_to_c_name_address='sed -n -e '\''s/^: \(.*\) .*$/  {"\1", (void *) 0},/p'\'' -e '\''s/^[ABCDGIRSTW][ABCDGIRSTW]* .* \(.*\)$/  {"\1", (void *) \&\1},/p'\'''
lt_cv_sys_global_symbol_to_c_name_address_lib_prefix='sed -n -e '\''s/^: \(.*\) .*$/  {"\1", (void *) 0},/p'\'' -e '\''s/^[ABCDGIRSTW][ABCDGIRSTW]* .* \(lib.*\)$/  {"\1", (void *) \&\1},/p'\'' -e '\''s/^[ABCDGIRSTW][ABCDGIRSTW]* .* \(.*\)$/  {"lib\1", (void *) \&\1},/p'\'''
lt_cv_sys_global_symbol_to_cdecl='sed -n -e '\''s/^T .* \(.*\)$/extern int \1();/p'\'' -e '\''s/^[ABCDGIRSTW][ABCDGIRSTW]* .* \(.*\)$/extern char \1;/p'\'''
lt_cv_sys_global_symbol_to_import=
lt_cv_sys_max_cmd_len=1572864
lt_cv_to_host_file_cmd=func_convert_file_noop
lt_cv_to_tool_file_cmd=func_convert_file_noop
lt_cv_truncate_bin='/bin/dd bs=4096 count=1'

## ----------------- ##
## Output variables. ##
## ----------------- ##

ACLOCAL='${SHELL} /tmp/libdisasm-0.23/missing aclocal-1.15'
AMDEPBACKSLASH='\'
AMDEP_FALSE='#'
AMDEP_TRUE=''
AMTAR='$${TAR-tar}'
AM_BACKSLASH='\'
AM_DEFAULT_V='$(AM_DEFAULT_VERBOSITY)'
AM_DEFAULT_VERBOSITY='1'
AM_V='$(V)'
AR='ar'
AUTOCONF='${SHELL} /tmp/libdisasm-0.23/missing autoconf'
AUTOHEADER='${SHELL} /tmp/libdisasm-0.23/missing autoheader'
AUTOMAKE='${SHELL} /tmp/libdisasm-0.23/missing automake-1.15'
AWK='gawk'
CC='gcc'
CCDEPMODE='depmode=gcc3'
CFLAGS='-g -O2 -Wall -ggdb'
CPP='gcc -E'
CPPFLAGS=''
CYGPATH_W='echo'
DEFS='-DHAVE_CONFIG_H'
DEPDIR='.deps'
DLLTOOL='false'
DSYMUTIL=''
DUMPBIN=''
ECHO_C=''
ECHO_N='-n'
ECHO_T=''
EGREP='/bin/grep -E'
EXEEXT=''
FGREP='/bin/grep -F'
GREP='/bin/grep'
INSTALL_DATA='${INSTALL} -m 644'
INSTALL_PROGRAM='${INSTALL}'
INSTALL_SCRIPT='${INSTALL}'
INSTALL_STRIP_PROGRAM='$(install_sh) -c -s'
LD='/usr/bin/ld -m elf_x86_64'
LDFLAGS=''
LIBOBJS=''
LIBS=''
LIBTOOL='$(SHELL) $(top_builddir)/libtool'
LIPO=''
LN_S='ln -s'
LTLIBOBJS=''
LT_SYS_LIBRARY_PATH=''
MAINT='#'
MAINTAINER_MODE_FALSE=''
MAINTAINER_MODE_TRUE='#'
MAKEINFO='${SHELL} /tmp/libdisasm-0.23/missing makeinfo'
MANIFEST_TOOL=':'
MKDIR_P='/bin/mkdir -p'
NM='/usr/bin/nm -B'
NMEDIT=''
OBJDUMP='objdump'
OBJEXT='o'
OTOOL64=''
OTOOL=''
PACKAGE='libdisasm'
PACKAGE_BUGREPORT='bastard-libdisasm@lists.sourceforge.net'
PACKAGE_NAME='libdisasm'
PACKAGE_STRING='libdisasm 0.23'
PACKAGE_TARNAME='libdisasm'
PACKAGE_URL=''
PACKAGE_VERSION='0.23'
PATH_SEPARATOR=':'
RANLIB='ranlib'
SED='/bin/sed'
SET_MAKE=''
SHELL='/bin/bash'
STRIP='strip'
VERSION='0.23'
ac_ct_AR='ar'
ac_ct_CC='gcc'
ac_ct_DUMPBIN=''
am__EXEEXT_FALSE=''
am__EXEEXT_TRUE='#'
am__fastdepCC_FALSE='#'
am__fastdepCC_TRUE=''
am__include='include'
am__isrc=''
am__leading_dot='.'
am__nodep='_no'
am__quote=''
am__tar='$${TAR-tar} chof - "$$tardir"'
am__untar='$${TAR-tar} xf -'
bindir='${exec_prefix}/bin'
build='x86_64-pc-linux-gnu'
build_alias=''
build_cpu='x86_64'
build_os='linux-gnu'
build_vendor='pc'
datadir='${datarootdir}'
datarootdir='${prefix}/share'
docdir='${datarootdir}/doc/${PACKAGE_TARNAME}'
dvidir='${docdir}'
exec_prefix='${prefix}'
host='x86_64-pc-linux-gnu'
host_alias=''
host_cpu='x86_64'
host_os='linux-gnu'
host_vendor='pc'
htmldir='${docdir}'
includedir='${prefix}/include'
infodir='${datarootdir}/info'
install_sh='${SHELL} /tmp/libdisasm-0.23/install-sh'
libdir='${exec_prefix}/lib'
libexecdir='${exec_prefix}/libexec'
localedir='${datarootdir}/locale'
localstatedir='${prefix}/var'
mandir='${datarootdir}/man'
mkdir_p='$(MKDIR_P)'
oldincludedir='/usr/include'
pdfdir='${docdir}'
prefix='/usr/local'
program_transform_name='s,x,x,'
psdir='${docdir}'
runstatedir='${localstatedir}/run'
sbindir='${exec_prefix}/sbin'
sharedstatedir='${prefix}/com'
sysconfdir='${prefix}/etc'
target_alias=''

## ----------- ##
## confdefs.h. ##
## ----------- ##

/* confdefs.h */
#define PACKAGE_NAME "libdisasm"
#define PACKAGE_TARNAME "libdisasm"
#define PACKAGE_VERSION "0.23"
#define PACKAGE_STRING "libdisasm 0.23"
#define PACKAGE_BUGREPORT "bastard-libdisasm@lists.sourceforge.net"
#define PACKAGE_URL ""
#define PACKAGE "libdisasm"
#define VERSION "0.23"
#define STDC_HEADERS 1
#define HAVE_SYS_TYPES_H 1
#define HAVE_SYS_STAT_H 1
#define HAVE_STDLIB_H 1
#define HAVE_STRING_H 1
#define HAVE_MEMORY_H 1
#define HAVE_STRINGS_H 1
#define HAVE_INTTYPES_H 1
#define HAVE_STDINT_H 1
#define HAVE_UNISTD_H 1
#define HAVE_DLFCN_H 1
#define LT_OBJDIR ".libs/"

configure: exit 0
